<?xml version="1.0" encoding="UTF-8"?>
<!-- Generated by org.testng.reporters.JUnitXMLReporter -->
<testsuite ignored="1" hostname="LAPTOP-DOHQRCCL" failures="5" tests="13" name="Surefire test" time="7.275" errors="0" timestamp="2023-04-27T07:07:33 IST">
  <testcase classname="basic.NewTest" name="alpha" time="0.005"/>
  <testcase classname="basic.NewTest" name="login" time="0.001"/>
  <testcase classname="basic.NewTest" name="beta" time="0.0"/>
  <testcase classname="dependency.MyDTest" name="login" time="0.024">
    <failure type="java.lang.AssertionError" message="expected [false] but found [true]">
      <![CDATA[java.lang.AssertionError: expected [false] but found [true]
at dependency.MyDTest.login(MyDTest.java:13)
at java.base/java.util.ArrayList.forEach(ArrayList.java:1511)
... Removed 36 stack frames]]>
    </failure>
  </testcase> <!-- login -->
  <testcase classname="dependency.MyDTest" name="home" time="0.0">
    <skipped/>
  </testcase> <!-- home -->
  <testcase classname="dependency.MyDTest" name="logout" time="0.0">
    <skipped/>
  </testcase> <!-- logout -->
  <testcase classname="exception.NewTest" name="test" time="0.0"/>
  <testcase classname="exception.NewTest" name="test1" time="0.001"/>
  <testcase classname="listener.FBTest" name="loginCheck" time="5.178">
    <failure type="java.lang.AssertionError" message="expected [Facebook – log in or sign up] but found [Log in]">
      <![CDATA[java.lang.AssertionError: expected [Facebook – log in or sign up] but found [Log in]
at listener.FBTest.loginCheck(FBTest.java:40)
at java.base/java.util.ArrayList.forEach(ArrayList.java:1511)
... Removed 38 stack frames]]>
    </failure>
  </testcase> <!-- loginCheck -->
  <testcase classname="listener.FBTest" name="titleCheck" time="1.944">
    <failure type="java.lang.AssertionError" message="expected [Facebook – log in or sign up] but found [Facebook â€“ log in or sign]">
      <![CDATA[java.lang.AssertionError: expected [Facebook – log in or sign up] but found [Facebook â€“ log in or sign]
at listener.FBTest.titleCheck(FBTest.java:22)
at java.base/java.util.ArrayList.forEach(ArrayList.java:1511)
... Removed 38 stack frames]]>
    </failure>
  </testcase> <!-- titleCheck -->
  <testcase classname="listener.MyTest" name="test1" time="0.001"/>
  <testcase classname="listener.MyTest" name="test2" time="0.001">
    <failure type="java.lang.AssertionError" message="expected [true] but found [false]">
      <![CDATA[java.lang.AssertionError: expected [true] but found [false]
at listener.MyTest.test2(MyTest.java:20)
at java.base/java.util.ArrayList.forEach(ArrayList.java:1511)
... Removed 36 stack frames]]>
    </failure>
  </testcase> <!-- test2 -->
  <testcase classname="parameter.LoginTest" name="login" time="0.0">
    <failure type="org.testng.TestNGException" message="
Parameter &amp;apos;username&amp;apos; is required by @Test on method login but has not been marked @Optional or defined
">
      <![CDATA[org.testng.TestNGException: 
Parameter 'username' is required by @Test on method login but has not been marked @Optional or defined

at java.base/java.util.ArrayList.forEach(ArrayList.java:1511)
... Removed 31 stack frames]]>
    </failure>
  </testcase> <!-- login -->
  <testcase classname="basic.NewTest" name="home" time="0.0">
    <ignored/>
  </testcase> <!-- home -->
</testsuite> <!-- Surefire test -->
